# JRE version: OpenJDK Runtime Environment (8.0_202-b03) (build 1.8.0_202-release-1483-b03)
# Java VM: OpenJDK 64-Bit Server VM (25.202-b03 mixed mode windows-amd64 compressed oops)
Heap:
 PSYoungGen      total 21504K, used 11201K [0x00000000e0000000, 0x00000000e2a00000, 0x0000000100000000)
  eden space 16384K, 45% used [0x00000000e0000000,0x00000000e0750d68,0x00000000e1000000)
  from space 5120K, 72% used [0x00000000e1000000,0x00000000e139f788,0x00000000e1500000)
  to   space 5120K, 0% used [0x00000000e2500000,0x00000000e2500000,0x00000000e2a00000)
 ParOldGen       total 44032K, used 6538K [0x00000000a0000000, 0x00000000a2b00000, 0x00000000e0000000)
  object space 44032K, 14% used [0x00000000a0000000,0x00000000a0662b30,0x00000000a2b00000)
 Metaspace       used 15112K, capacity 15580K, committed 15616K, reserved 1062912K
  class space    used 2135K, capacity 2300K, committed 2304K, reserved 1048576K
GC Heap History (10 events):
Event: 3.784 GC heap before
{Heap before GC invocations=3 (full 0):
 PSYoungGen      total 18944K, used 18921K [0x00000000e0000000, 0x00000000e1500000, 0x0000000100000000)
  eden space 16384K, 100% used [0x00000000e0000000,0x00000000e1000000,0x00000000e1000000)
  from space 2560K, 99% used [0x00000000e1280000,0x00000000e14fa6d8,0x00000000e1500000)
  to   space 2560K, 0% used [0x00000000e1000000,0x00000000e1000000,0x00000000e1280000)
 ParOldGen       total 44032K, used 1156K [0x00000000a0000000, 0x00000000a2b00000, 0x00000000e0000000)
  object space 44032K, 2% used [0x00000000a0000000,0x00000000a01210b0,0x00000000a2b00000)
 Metaspace       used 7200K, capacity 7538K, committed 7680K, reserved 1056768K
  class space    used 874K, capacity 982K, committed 1024K, reserved 1048576K
Event: 3.791 GC heap after
Heap after GC invocations=3 (full 0):
 PSYoungGen      total 18944K, used 2552K [0x00000000e0000000, 0x00000000e1500000, 0x0000000100000000)
  eden space 16384K, 0% used [0x00000000e0000000,0x00000000e0000000,0x00000000e1000000)
  from space 2560K, 99% used [0x00000000e1000000,0x00000000e127e030,0x00000000e1280000)
  to   space 2560K, 0% used [0x00000000e1280000,0x00000000e1280000,0x00000000e1500000)
 ParOldGen       total 44032K, used 1673K [0x00000000a0000000, 0x00000000a2b00000, 0x00000000e0000000)
  object space 44032K, 3% used [0x00000000a0000000,0x00000000a01a2728,0x00000000a2b00000)
 Metaspace       used 7200K, capacity 7538K, committed 7680K, reserved 1056768K
  class space    used 874K, capacity 982K, committed 1024K, reserved 1048576K
}
Event: 4.104 GC heap before
{Heap before GC invocations=4 (full 0):
 PSYoungGen      total 18944K, used 18936K [0x00000000e0000000, 0x00000000e1500000, 0x0000000100000000)
  eden space 16384K, 100% used [0x00000000e0000000,0x00000000e1000000,0x00000000e1000000)
  from space 2560K, 99% used [0x00000000e1000000,0x00000000e127e030,0x00000000e1280000)
  to   space 2560K, 0% used [0x00000000e1280000,0x00000000e1280000,0x00000000e1500000)
 ParOldGen       total 44032K, used 1673K [0x00000000a0000000, 0x00000000a2b00000, 0x00000000e0000000)
  object space 44032K, 3% used [0x00000000a0000000,0x00000000a01a2728,0x00000000a2b00000)
 Metaspace       used 8692K, capacity 9014K, committed 9216K, reserved 1056768K
  class space    used 1111K, capacity 1177K, committed 1280K, reserved 1048576K
Event: 4.111 GC heap after
Heap after GC invocations=4 (full 0):
 PSYoungGen      total 18944K, used 2536K [0x00000000e0000000, 0x00000000e1500000, 0x0000000100000000)
  eden space 16384K, 0% used [0x00000000e0000000,0x00000000e0000000,0x00000000e1000000)
  from space 2560K, 99% used [0x00000000e1280000,0x00000000e14fa020,0x00000000e1500000)
  to   space 2560K, 0% used [0x00000000e1000000,0x00000000e1000000,0x00000000e1280000)
 ParOldGen       total 44032K, used 3187K [0x00000000a0000000, 0x00000000a2b00000, 0x00000000e0000000)
  object space 44032K, 7% used [0x00000000a0000000,0x00000000a031cca8,0x00000000a2b00000)
 Metaspace       used 8692K, capacity 9014K, committed 9216K, reserved 1056768K
  class space    used 1111K, capacity 1177K, committed 1280K, reserved 1048576K
}
Event: 7.452 GC heap before
{Heap before GC invocations=5 (full 0):
 PSYoungGen      total 18944K, used 18920K [0x00000000e0000000, 0x00000000e1500000, 0x0000000100000000)
  eden space 16384K, 100% used [0x00000000e0000000,0x00000000e1000000,0x00000000e1000000)
  from space 2560K, 99% used [0x00000000e1280000,0x00000000e14fa020,0x00000000e1500000)
  to   space 2560K, 0% used [0x00000000e1000000,0x00000000e1000000,0x00000000e1280000)
 ParOldGen       total 44032K, used 3187K [0x00000000a0000000, 0x00000000a2b00000, 0x00000000e0000000)
  object space 44032K, 7% used [0x00000000a0000000,0x00000000a031cca8,0x00000000a2b00000)
 Metaspace       used 12242K, capacity 12646K, committed 12800K, reserved 1060864K
  class space    used 1630K, capacity 1743K, committed 1792K, reserved 1048576K
Event: 7.474 GC heap after
Heap after GC invocations=5 (full 0):
 PSYoungGen      total 18944K, used 2552K [0x00000000e0000000, 0x00000000e1a00000, 0x0000000100000000)
  eden space 16384K, 0% used [0x00000000e0000000,0x00000000e0000000,0x00000000e1000000)
  from space 2560K, 99% used [0x00000000e1000000,0x00000000e127e010,0x00000000e1280000)
  to   space 5120K, 0% used [0x00000000e1500000,0x00000000e1500000,0x00000000e1a00000)
 ParOldGen       total 44032K, used 5557K [0x00000000a0000000, 0x00000000a2b00000, 0x00000000e0000000)
  object space 44032K, 12% used [0x00000000a0000000,0x00000000a056d6c8,0x00000000a2b00000)
 Metaspace       used 12242K, capacity 12646K, committed 12800K, reserved 1060864K
  class space    used 1630K, capacity 1743K, committed 1792K, reserved 1048576K
}
Event: 7.992 GC heap before
{Heap before GC invocations=6 (full 0):
 PSYoungGen      total 18944K, used 18936K [0x00000000e0000000, 0x00000000e1a00000, 0x0000000100000000)
  eden space 16384K, 100% used [0x00000000e0000000,0x00000000e1000000,0x00000000e1000000)
  from space 2560K, 99% used [0x00000000e1000000,0x00000000e127e010,0x00000000e1280000)
  to   space 5120K, 0% used [0x00000000e1500000,0x00000000e1500000,0x00000000e1a00000)
 ParOldGen       total 44032K, used 5557K [0x00000000a0000000, 0x00000000a2b00000, 0x00000000e0000000)
  object space 44032K, 12% used [0x00000000a0000000,0x00000000a056d6c8,0x00000000a2b00000)
 Metaspace       used 13356K, capacity 13836K, committed 14080K, reserved 1060864K
  class space    used 1829K, capacity 1970K, committed 2048K, reserved 1048576K
Event: 8.014 GC heap after
Heap after GC invocations=6 (full 0):
 PSYoungGen      total 21504K, used 4178K [0x00000000e0000000, 0x00000000e2a00000, 0x0000000100000000)
  eden space 16384K, 0% used [0x00000000e0000000,0x00000000e0000000,0x00000000e1000000)
  from space 5120K, 81% used [0x00000000e1500000,0x00000000e1914b40,0x00000000e1a00000)
  to   space 5120K, 0% used [0x00000000e1000000,0x00000000e1000000,0x00000000e1500000)
 ParOldGen       total 44032K, used 5557K [0x00000000a0000000, 0x00000000a2b00000, 0x00000000e0000000)
  object space 44032K, 12% used [0x00000000a0000000,0x00000000a056d6c8,0x00000000a2b00000)
 Metaspace       used 13356K, capacity 13836K, committed 14080K, reserved 1060864K
  class space    used 1829K, capacity 1970K, committed 2048K, reserved 1048576K
}
Event: 8.530 GC heap before
{Heap before GC invocations=7 (full 0):
 PSYoungGen      total 21504K, used 20562K [0x00000000e0000000, 0x00000000e2a00000, 0x0000000100000000)
  eden space 16384K, 100% used [0x00000000e0000000,0x00000000e1000000,0x00000000e1000000)
  from space 5120K, 81% used [0x00000000e1500000,0x00000000e1914b40,0x00000000e1a00000)
  to   space 5120K, 0% used [0x00000000e1000000,0x00000000e1000000,0x00000000e1500000)
 ParOldGen       total 44032K, used 5557K [0x00000000a0000000, 0x00000000a2b00000, 0x00000000e0000000)
  object space 44032K, 12% used [0x00000000a0000000,0x00000000a056d6c8,0x00000000a2b00000)
 Metaspace       used 14528K, capacity 14990K, committed 15232K, reserved 1062912K
  class space    used 2034K, capacity 2163K, committed 2176K, reserved 1048576K
Event: 8.544 GC heap after
Heap after GC invocations=7 (full 0):
 PSYoungGen      total 21504K, used 3709K [0x00000000e0000000, 0x00000000e2a00000, 0x0000000100000000)
  eden space 16384K, 0% used [0x00000000e0000000,0x00000000e0000000,0x00000000e1000000)
  from space 5120K, 72% used [0x00000000e1000000,0x00000000e139f788,0x00000000e1500000)
  to   space 5120K, 0% used [0x00000000e2500000,0x00000000e2500000,0x00000000e2a00000)
 ParOldGen       total 44032K, used 6538K [0x00000000a0000000, 0x00000000a2b00000, 0x00000000e0000000)
  object space 44032K, 14% used [0x00000000a0000000,0x00000000a0662b30,0x00000000a2b00000)
 Metaspace       used 14528K, capacity 14990K, committed 15232K, reserved 1062912K
  class space    used 2034K, capacity 2163K, committed 2176K, reserved 1048576K
}

