# JRE version: OpenJDK Runtime Environment (8.0_202-b03) (build 1.8.0_202-release-1483-b03)
# Java VM: OpenJDK 64-Bit Server VM (25.202-b03 mixed mode windows-amd64 compressed oops)
Heap:
 PSYoungGen      total 58368K, used 37484K [0x00000000e0000000, 0x00000000e5900000, 0x0000000100000000)
  eden space 52736K, 60% used [0x00000000e0000000,0x00000000e1f1c7b0,0x00000000e3380000)
  from space 5632K, 99% used [0x00000000e3380000,0x00000000e38fe860,0x00000000e3900000)
  to   space 6656K, 0% used [0x00000000e5280000,0x00000000e5280000,0x00000000e5900000)
 ParOldGen       total 31232K, used 9841K [0x00000000a0000000, 0x00000000a1e80000, 0x00000000e0000000)
  object space 31232K, 31% used [0x00000000a0000000,0x00000000a099c648,0x00000000a1e80000)
 Metaspace       used 29661K, capacity 30260K, committed 30464K, reserved 1075200K
  class space    used 4096K, capacity 4293K, committed 4352K, reserved 1048576K
GC Heap History (10 events):
Event: 10.927 GC heap before
{Heap before GC invocations=8 (full 0):
 PSYoungGen      total 21504K, used 20024K [0x00000000e0000000, 0x00000000e2a00000, 0x0000000100000000)
  eden space 16384K, 100% used [0x00000000e0000000,0x00000000e1000000,0x00000000e1000000)
  from space 5120K, 71% used [0x00000000e1000000,0x00000000e138e298,0x00000000e1500000)
  to   space 5120K, 0% used [0x00000000e2500000,0x00000000e2500000,0x00000000e2a00000)
 ParOldGen       total 44032K, used 6585K [0x00000000a0000000, 0x00000000a2b00000, 0x00000000e0000000)
  object space 44032K, 14% used [0x00000000a0000000,0x00000000a066e798,0x00000000a2b00000)
 Metaspace       used 16095K, capacity 16536K, committed 16768K, reserved 1062912K
  class space    used 2282K, capacity 2428K, committed 2432K, reserved 1048576K
Event: 10.943 GC heap after
Heap after GC invocations=8 (full 0):
 PSYoungGen      total 37888K, used 3595K [0x00000000e0000000, 0x00000000e2a00000, 0x0000000100000000)
  eden space 32768K, 0% used [0x00000000e0000000,0x00000000e0000000,0x00000000e2000000)
  from space 5120K, 70% used [0x00000000e2500000,0x00000000e2882ca8,0x00000000e2a00000)
  to   space 5120K, 0% used [0x00000000e2000000,0x00000000e2000000,0x00000000e2500000)
 ParOldGen       total 44032K, used 7393K [0x00000000a0000000, 0x00000000a2b00000, 0x00000000e0000000)
  object space 44032K, 16% used [0x00000000a0000000,0x00000000a07387b8,0x00000000a2b00000)
 Metaspace       used 16095K, capacity 16536K, committed 16768K, reserved 1062912K
  class space    used 2282K, capacity 2428K, committed 2432K, reserved 1048576K
}
Event: 15.273 GC heap before
{Heap before GC invocations=9 (full 0):
 PSYoungGen      total 37888K, used 36363K [0x00000000e0000000, 0x00000000e2a00000, 0x0000000100000000)
  eden space 32768K, 100% used [0x00000000e0000000,0x00000000e2000000,0x00000000e2000000)
  from space 5120K, 70% used [0x00000000e2500000,0x00000000e2882ca8,0x00000000e2a00000)
  to   space 5120K, 0% used [0x00000000e2000000,0x00000000e2000000,0x00000000e2500000)
 ParOldGen       total 44032K, used 7393K [0x00000000a0000000, 0x00000000a2b00000, 0x00000000e0000000)
  object space 44032K, 16% used [0x00000000a0000000,0x00000000a07387b8,0x00000000a2b00000)
 Metaspace       used 19069K, capacity 19640K, committed 19840K, reserved 1067008K
  class space    used 2748K, capacity 2934K, committed 2944K, reserved 1048576K
Event: 15.288 GC heap after
Heap after GC invocations=9 (full 0):
 PSYoungGen      total 37888K, used 5110K [0x00000000e0000000, 0x00000000e3e80000, 0x0000000100000000)
  eden space 32768K, 0% used [0x00000000e0000000,0x00000000e0000000,0x00000000e2000000)
  from space 5120K, 99% used [0x00000000e2000000,0x00000000e24fdba0,0x00000000e2500000)
  to   space 5632K, 0% used [0x00000000e3900000,0x00000000e3900000,0x00000000e3e80000)
 ParOldGen       total 44032K, used 8388K [0x00000000a0000000, 0x00000000a2b00000, 0x00000000e0000000)
  object space 44032K, 19% used [0x00000000a0000000,0x00000000a0831030,0x00000000a2b00000)
 Metaspace       used 19069K, capacity 19640K, committed 19840K, reserved 1067008K
  class space    used 2748K, capacity 2934K, committed 2944K, reserved 1048576K
}
Event: 15.813 GC heap before
{Heap before GC invocations=10 (full 0):
 PSYoungGen      total 37888K, used 19957K [0x00000000e0000000, 0x00000000e3e80000, 0x0000000100000000)
  eden space 32768K, 45% used [0x00000000e0000000,0x00000000e0e7f8a0,0x00000000e2000000)
  from space 5120K, 99% used [0x00000000e2000000,0x00000000e24fdba0,0x00000000e2500000)
  to   space 5632K, 0% used [0x00000000e3900000,0x00000000e3900000,0x00000000e3e80000)
 ParOldGen       total 44032K, used 8388K [0x00000000a0000000, 0x00000000a2b00000, 0x00000000e0000000)
  object space 44032K, 19% used [0x00000000a0000000,0x00000000a0831030,0x00000000a2b00000)
 Metaspace       used 20721K, capacity 21222K, committed 21296K, reserved 1067008K
  class space    used 2974K, capacity 3162K, committed 3200K, reserved 1048576K
Event: 15.839 GC heap after
Heap after GC invocations=10 (full 0):
 PSYoungGen      total 58368K, used 3909K [0x00000000e0000000, 0x00000000e3e80000, 0x0000000100000000)
  eden space 52736K, 0% used [0x00000000e0000000,0x00000000e0000000,0x00000000e3380000)
  from space 5632K, 69% used [0x00000000e3900000,0x00000000e3cd14c8,0x00000000e3e80000)
  to   space 5632K, 0% used [0x00000000e3380000,0x00000000e3380000,0x00000000e3900000)
 ParOldGen       total 44032K, used 9518K [0x00000000a0000000, 0x00000000a2b00000, 0x00000000e0000000)
  object space 44032K, 21% used [0x00000000a0000000,0x00000000a094b8c8,0x00000000a2b00000)
 Metaspace       used 20721K, capacity 21222K, committed 21296K, reserved 1067008K
  class space    used 2974K, capacity 3162K, committed 3200K, reserved 1048576K
}
Event: 15.839 GC heap before
{Heap before GC invocations=11 (full 1):
 PSYoungGen      total 58368K, used 3909K [0x00000000e0000000, 0x00000000e3e80000, 0x0000000100000000)
  eden space 52736K, 0% used [0x00000000e0000000,0x00000000e0000000,0x00000000e3380000)
  from space 5632K, 69% used [0x00000000e3900000,0x00000000e3cd14c8,0x00000000e3e80000)
  to   space 5632K, 0% used [0x00000000e3380000,0x00000000e3380000,0x00000000e3900000)
 ParOldGen       total 44032K, used 9518K [0x00000000a0000000, 0x00000000a2b00000, 0x00000000e0000000)
  object space 44032K, 21% used [0x00000000a0000000,0x00000000a094b8c8,0x00000000a2b00000)
 Metaspace       used 20721K, capacity 21222K, committed 21296K, reserved 1067008K
  class space    used 2974K, capacity 3162K, committed 3200K, reserved 1048576K
Event: 15.926 GC heap after
Heap after GC invocations=11 (full 1):
 PSYoungGen      total 58368K, used 0K [0x00000000e0000000, 0x00000000e3e80000, 0x0000000100000000)
  eden space 52736K, 0% used [0x00000000e0000000,0x00000000e0000000,0x00000000e3380000)
  from space 5632K, 0% used [0x00000000e3900000,0x00000000e3900000,0x00000000e3e80000)
  to   space 5632K, 0% used [0x00000000e3380000,0x00000000e3380000,0x00000000e3900000)
 ParOldGen       total 31232K, used 9212K [0x00000000a0000000, 0x00000000a1e80000, 0x00000000e0000000)
  object space 31232K, 29% used [0x00000000a0000000,0x00000000a08ff2f8,0x00000000a1e80000)
 Metaspace       used 20721K, capacity 21222K, committed 21296K, reserved 1067008K
  class space    used 2974K, capacity 3162K, committed 3200K, reserved 1048576K
}
Event: 17.367 GC heap before
{Heap before GC invocations=12 (full 1):
 PSYoungGen      total 58368K, used 52736K [0x00000000e0000000, 0x00000000e3e80000, 0x0000000100000000)
  eden space 52736K, 100% used [0x00000000e0000000,0x00000000e3380000,0x00000000e3380000)
  from space 5632K, 0% used [0x00000000e3900000,0x00000000e3900000,0x00000000e3e80000)
  to   space 5632K, 0% used [0x00000000e3380000,0x00000000e3380000,0x00000000e3900000)
 ParOldGen       total 31232K, used 9212K [0x00000000a0000000, 0x00000000a1e80000, 0x00000000e0000000)
  object space 31232K, 29% used [0x00000000a0000000,0x00000000a08ff2f8,0x00000000a1e80000)
 Metaspace       used 27417K, capacity 27938K, committed 28032K, reserved 1073152K
  class space    used 3720K, capacity 3906K, committed 3968K, reserved 1048576K
Event: 17.382 GC heap after
Heap after GC invocations=12 (full 1):
 PSYoungGen      total 58368K, used 5626K [0x00000000e0000000, 0x00000000e5900000, 0x0000000100000000)
  eden space 52736K, 0% used [0x00000000e0000000,0x00000000e0000000,0x00000000e3380000)
  from space 5632K, 99% used [0x00000000e3380000,0x00000000e38fe860,0x00000000e3900000)
  to   space 6656K, 0% used [0x00000000e5280000,0x00000000e5280000,0x00000000e5900000)
 ParOldGen       total 31232K, used 9841K [0x00000000a0000000, 0x00000000a1e80000, 0x00000000e0000000)
  object space 31232K, 31% used [0x00000000a0000000,0x00000000a099c648,0x00000000a1e80000)
 Metaspace       used 27417K, capacity 27938K, committed 28032K, reserved 1073152K
  class space    used 3720K, capacity 3906K, committed 3968K, reserved 1048576K
}

